  [1m[35m (261.0ms)[0m  [1m[35mCREATE DATABASE "greatreads_development" ENCODING = 'unicode'[0m
  ↳ bin/rails:9
  [1m[35m (125.4ms)[0m  [1m[35mCREATE DATABASE "greatreads_test" ENCODING = 'unicode'[0m
  ↳ bin/rails:9
  [1m[35m (16.7ms)[0m  [1m[35mCREATE TABLE "schema_migrations" ("version" character varying NOT NULL PRIMARY KEY)[0m
  ↳ bin/rails:9
  [1m[35m (4.0ms)[0m  [1m[35mCREATE TABLE "ar_internal_metadata" ("key" character varying NOT NULL PRIMARY KEY, "value" character varying, "created_at" timestamp NOT NULL, "updated_at" timestamp NOT NULL)[0m
  ↳ bin/rails:9
  [1m[35m (0.3ms)[0m  [1m[34mSELECT pg_try_advisory_lock(2434867236904688565)[0m
  ↳ bin/rails:9
  [1m[35m (0.8ms)[0m  [1m[34mSELECT "schema_migrations"."version" FROM "schema_migrations" ORDER BY "schema_migrations"."version" ASC[0m
  ↳ bin/rails:9
Migrating to CreateUsers (20200210201845)
  [1m[35m (0.2ms)[0m  [1m[35mBEGIN[0m
  ↳ bin/rails:9
  [1m[35m (7.6ms)[0m  [1m[35mCREATE TABLE "users" ("id" bigserial primary key, "first_name" character varying NOT NULL, "last_name" character varying NOT NULL, "email" character varying NOT NULL, "password_digest" character varying NOT NULL, "session_token" character varying NOT NULL, "created_at" timestamp NOT NULL, "updated_at" timestamp NOT NULL)[0m
  ↳ db/migrate/20200210201845_create_users.rb:3
  [1m[35m (1.4ms)[0m  [1m[35mCREATE UNIQUE INDEX  "index_users_on_email" ON "users"  ("email")[0m
  ↳ db/migrate/20200210201845_create_users.rb:12
  [1m[35m (1.3ms)[0m  [1m[35mCREATE UNIQUE INDEX  "index_users_on_session_token" ON "users"  ("session_token")[0m
  ↳ db/migrate/20200210201845_create_users.rb:13
  [1m[36mActiveRecord::SchemaMigration Create (1.0ms)[0m  [1m[32mINSERT INTO "schema_migrations" ("version") VALUES ($1) RETURNING "version"[0m  [["version", "20200210201845"]]
  ↳ bin/rails:9
  [1m[35m (0.7ms)[0m  [1m[35mCOMMIT[0m
  ↳ bin/rails:9
  [1m[36mActiveRecord::InternalMetadata Load (0.6ms)[0m  [1m[34mSELECT  "ar_internal_metadata".* FROM "ar_internal_metadata" WHERE "ar_internal_metadata"."key" = $1 LIMIT $2[0m  [["key", "environment"], ["LIMIT", 1]]
  ↳ bin/rails:9
  [1m[35m (0.2ms)[0m  [1m[35mBEGIN[0m
  ↳ bin/rails:9
  [1m[36mActiveRecord::InternalMetadata Create (1.4ms)[0m  [1m[32mINSERT INTO "ar_internal_metadata" ("key", "value", "created_at", "updated_at") VALUES ($1, $2, $3, $4) RETURNING "key"[0m  [["key", "environment"], ["value", "development"], ["created_at", "2020-02-10 20:25:36.939985"], ["updated_at", "2020-02-10 20:25:36.939985"]]
  ↳ bin/rails:9
  [1m[35m (0.4ms)[0m  [1m[35mCOMMIT[0m
  ↳ bin/rails:9
  [1m[35m (0.3ms)[0m  [1m[34mSELECT pg_advisory_unlock(2434867236904688565)[0m
  ↳ bin/rails:9
  [1m[35m (0.3ms)[0m  [1m[34mSELECT "schema_migrations"."version" FROM "schema_migrations" ORDER BY "schema_migrations"."version" ASC[0m
  ↳ bin/rails:9
Started GET "/" for ::1 at 2020-02-10 17:49:34 -0500
  [1m[35m (1.2ms)[0m  [1m[34mSELECT "schema_migrations"."version" FROM "schema_migrations" ORDER BY "schema_migrations"."version" ASC[0m
  ↳ /Users/appacademystudent/.rbenv/versions/2.5.1/lib/ruby/gems/2.5.0/gems/activerecord-5.2.4.1/lib/active_record/log_subscriber.rb:98
  
SyntaxError (/Users/appacademystudent/Desktop/Othereads/app/controllers/application_controller.rb:10: syntax error, unexpected keyword_end, expecting ')'
  end
  ^~~
/Users/appacademystudent/Desktop/Othereads/app/controllers/application_controller.rb:23: syntax error, unexpected end-of-input, expecting keyword_end):
  
app/controllers/application_controller.rb:10: syntax error, unexpected keyword_end, expecting ')'
app/controllers/application_controller.rb:23: syntax error, unexpected end-of-input, expecting keyword_end
app/controllers/static_pages_controller.rb:1:in `<top (required)>'
Started GET "/" for ::1 at 2020-02-10 17:50:09 -0500
Processing by StaticPagesController#root as HTML
  Rendering static_pages/root.html.erb within layouts/application
  Rendered static_pages/root.html.erb within layouts/application (0.4ms)
Completed 200 OK in 2025ms (Views: 2022.0ms | ActiveRecord: 0.0ms)


Started GET "/" for ::1 at 2020-02-10 18:07:24 -0500
Processing by StaticPagesController#root as HTML
  Rendering static_pages/root.html.erb within layouts/application
  Rendered static_pages/root.html.erb within layouts/application (0.6ms)
Completed 200 OK in 57ms (Views: 52.5ms | ActiveRecord: 0.0ms)


Started GET "/" for ::1 at 2020-02-10 18:15:19 -0500
Processing by StaticPagesController#root as HTML
  Rendering static_pages/root.html.erb within layouts/application
  Rendered static_pages/root.html.erb within layouts/application (0.5ms)
Completed 200 OK in 39ms (Views: 34.4ms | ActiveRecord: 0.0ms)


Started GET "/" for ::1 at 2020-02-10 18:15:20 -0500
Processing by StaticPagesController#root as HTML
  Rendering static_pages/root.html.erb within layouts/application
  Rendered static_pages/root.html.erb within layouts/application (0.4ms)
Completed 200 OK in 65ms (Views: 62.6ms | ActiveRecord: 0.0ms)


Started GET "/" for ::1 at 2020-02-10 18:24:51 -0500
Processing by StaticPagesController#root as HTML
  Rendering static_pages/root.html.erb within layouts/application
  Rendered static_pages/root.html.erb within layouts/application (0.8ms)
Completed 200 OK in 68ms (Views: 64.2ms | ActiveRecord: 0.0ms)


Started GET "/" for ::1 at 2020-02-10 18:35:40 -0500
  
SyntaxError (/Users/appacademystudent/Desktop/Othereads/app/controllers/application_controller.rb:10: syntax error, unexpected keyword_end, expecting ')'
  end
  ^~~
/Users/appacademystudent/Desktop/Othereads/app/controllers/application_controller.rb:23: syntax error, unexpected end-of-input, expecting keyword_end):
  
app/controllers/application_controller.rb:10: syntax error, unexpected keyword_end, expecting ')'
app/controllers/application_controller.rb:23: syntax error, unexpected end-of-input, expecting keyword_end
app/controllers/static_pages_controller.rb:1:in `<top (required)>'
Started GET "/" for ::1 at 2020-02-10 18:36:23 -0500
Processing by StaticPagesController#root as HTML
  Rendering static_pages/root.html.erb within layouts/application
  Rendered static_pages/root.html.erb within layouts/application (0.4ms)
Completed 200 OK in 33ms (Views: 30.8ms | ActiveRecord: 0.0ms)


